[12:48:07] [main/INFO]: Setting user: Player454
[12:48:09] [Client thread/INFO]: LWJGL Version: 2.9.1
[12:48:15] [Client thread/INFO]: Reloading ResourceManager: Default, FMLFileResourcePack:Forge Mod Loader, FMLFileResourcePack:Minecraft Forge, FMLFileResourcePack:55hotdawg55's Test Mod
[12:48:15] [Client thread/WARN]: ResourcePack: ignored non-lowercase namespace: %s in %s
[12:48:16] [Sound Library Loader/INFO]: Sound engine started
[12:48:19] [Client thread/INFO]: Created: 512x256 textures/blocks-atlas
[12:48:19] [Client thread/ERROR]: Using missing texture, unable to load hotdawgtest:textures/items/eagle.png
java.io.FileNotFoundException: hotdawgtest:textures/items/eagle.png
	at net.minecraft.client.resources.SimpleReloadableResourceManager.getResource(SimpleReloadableResourceManager.java:71) ~[SimpleReloadableResourceManager.class:?]
	at net.minecraft.client.renderer.texture.TextureMap.loadTextureAtlas(TextureMap.java:126) [TextureMap.class:?]
	at net.minecraft.client.renderer.texture.TextureMap.loadTexture(TextureMap.java:91) [TextureMap.class:?]
	at net.minecraft.client.renderer.texture.TextureManager.loadTexture(TextureManager.java:89) [TextureManager.class:?]
	at net.minecraft.client.renderer.texture.TextureManager.loadTickableTexture(TextureManager.java:71) [TextureManager.class:?]
	at net.minecraft.client.renderer.texture.TextureManager.loadTextureMap(TextureManager.java:58) [TextureManager.class:?]
	at net.minecraft.client.Minecraft.startGame(Minecraft.java:583) [Minecraft.class:?]
	at net.minecraft.client.Minecraft.run(Minecraft.java:931) [Minecraft.class:?]
	at net.minecraft.client.main.Main.main(Main.java:164) [Main.class:?]
	at sun.reflect.NativeMethodAccessorImpl.invoke0(Native Method) ~[?:1.8.0_31]
	at sun.reflect.NativeMethodAccessorImpl.invoke(NativeMethodAccessorImpl.java:62) ~[?:1.8.0_31]
	at sun.reflect.DelegatingMethodAccessorImpl.invoke(DelegatingMethodAccessorImpl.java:43) ~[?:1.8.0_31]
	at java.lang.reflect.Method.invoke(Method.java:483) ~[?:1.8.0_31]
	at net.minecraft.launchwrapper.Launch.launch(Launch.java:135) [launchwrapper-1.11.jar:?]
	at net.minecraft.launchwrapper.Launch.main(Launch.java:28) [launchwrapper-1.11.jar:?]
	at net.minecraftforge.gradle.GradleStartCommon.launch(GradleStartCommon.java:85) [start/:?]
	at GradleStart.main(GradleStart.java:45) [start/:?]
	at sun.reflect.NativeMethodAccessorImpl.invoke0(Native Method) ~[?:1.8.0_31]
	at sun.reflect.NativeMethodAccessorImpl.invoke(NativeMethodAccessorImpl.java:62) ~[?:1.8.0_31]
	at sun.reflect.DelegatingMethodAccessorImpl.invoke(DelegatingMethodAccessorImpl.java:43) ~[?:1.8.0_31]
	at java.lang.reflect.Method.invoke(Method.java:483) ~[?:1.8.0_31]
	at com.intellij.rt.execution.application.AppMain.main(AppMain.java:134) [idea_rt.jar:?]
[12:48:19] [Client thread/INFO]: Created: 256x256 textures/items-atlas
[12:48:19] [Client thread/INFO]: Reloading ResourceManager: Default, FMLFileResourcePack:Forge Mod Loader, FMLFileResourcePack:Minecraft Forge, FMLFileResourcePack:55hotdawg55's Test Mod
[12:48:19] [Client thread/WARN]: ResourcePack: ignored non-lowercase namespace: %s in %s
[12:48:19] [Client thread/INFO]: Created: 512x256 textures/blocks-atlas
[12:48:19] [Client thread/ERROR]: Using missing texture, unable to load hotdawgtest:textures/items/eagle.png
java.io.FileNotFoundException: hotdawgtest:textures/items/eagle.png
	at net.minecraft.client.resources.SimpleReloadableResourceManager.getResource(SimpleReloadableResourceManager.java:71) ~[SimpleReloadableResourceManager.class:?]
	at net.minecraft.client.renderer.texture.TextureMap.loadTextureAtlas(TextureMap.java:126) [TextureMap.class:?]
	at net.minecraft.client.renderer.texture.TextureMap.loadTexture(TextureMap.java:91) [TextureMap.class:?]
	at net.minecraft.client.renderer.texture.TextureManager.loadTexture(TextureManager.java:89) [TextureManager.class:?]
	at net.minecraft.client.renderer.texture.TextureManager.onResourceManagerReload(TextureManager.java:170) [TextureManager.class:?]
	at net.minecraft.client.resources.SimpleReloadableResourceManager.notifyReloadListeners(SimpleReloadableResourceManager.java:134) [SimpleReloadableResourceManager.class:?]
	at net.minecraft.client.resources.SimpleReloadableResourceManager.reloadResources(SimpleReloadableResourceManager.java:118) [SimpleReloadableResourceManager.class:?]
	at net.minecraft.client.Minecraft.refreshResources(Minecraft.java:643) [Minecraft.class:?]
	at cpw.mods.fml.client.FMLClientHandler.finishMinecraftLoading(FMLClientHandler.java:303) [FMLClientHandler.class:?]
	at net.minecraft.client.Minecraft.startGame(Minecraft.java:586) [Minecraft.class:?]
	at net.minecraft.client.Minecraft.run(Minecraft.java:931) [Minecraft.class:?]
	at net.minecraft.client.main.Main.main(Main.java:164) [Main.class:?]
	at sun.reflect.NativeMethodAccessorImpl.invoke0(Native Method) ~[?:1.8.0_31]
	at sun.reflect.NativeMethodAccessorImpl.invoke(NativeMethodAccessorImpl.java:62) ~[?:1.8.0_31]
	at sun.reflect.DelegatingMethodAccessorImpl.invoke(DelegatingMethodAccessorImpl.java:43) ~[?:1.8.0_31]
	at java.lang.reflect.Method.invoke(Method.java:483) ~[?:1.8.0_31]
	at net.minecraft.launchwrapper.Launch.launch(Launch.java:135) [launchwrapper-1.11.jar:?]
	at net.minecraft.launchwrapper.Launch.main(Launch.java:28) [launchwrapper-1.11.jar:?]
	at net.minecraftforge.gradle.GradleStartCommon.launch(GradleStartCommon.java:85) [start/:?]
	at GradleStart.main(GradleStart.java:45) [start/:?]
	at sun.reflect.NativeMethodAccessorImpl.invoke0(Native Method) ~[?:1.8.0_31]
	at sun.reflect.NativeMethodAccessorImpl.invoke(NativeMethodAccessorImpl.java:62) ~[?:1.8.0_31]
	at sun.reflect.DelegatingMethodAccessorImpl.invoke(DelegatingMethodAccessorImpl.java:43) ~[?:1.8.0_31]
	at java.lang.reflect.Method.invoke(Method.java:483) ~[?:1.8.0_31]
	at com.intellij.rt.execution.application.AppMain.main(AppMain.java:134) [idea_rt.jar:?]
[12:48:19] [Client thread/INFO]: Created: 256x256 textures/items-atlas
[12:48:20] [Sound Library Loader/INFO]: Sound engine started
[12:48:30] [Server thread/INFO]: Starting integrated minecraft server version 1.7.10
[12:48:30] [Server thread/INFO]: Generating keypair
[12:48:30] [Server thread/INFO]: Preparing start region for level 0
[12:48:32] [Server thread/INFO]: Player454[local:E:425678ba] logged in with entity id 285 at (-34.43652628343485, 76.0, 223.24221917821055)
[12:48:32] [Server thread/INFO]: Player454 joined the game
[12:48:35] [Server thread/INFO]: Player454 has just earned the achievement [Taking Inventory]
[12:48:35] [Client thread/INFO]: [CHAT] Player454 has just earned the achievement [Taking Inventory]
[12:48:44] [Server thread/INFO]: [Player454: Given [item.hotdawgtest:eagle.name] * 1 to Player454]
[12:48:44] [Client thread/INFO]: [CHAT] Given [item.hotdawgtest:eagle.name] * 1 to Player454
[12:49:03] [Server thread/INFO]: Saving and pausing game...
[12:49:03] [Server thread/INFO]: Saving chunks for level 'com.hotdawg.hotdawgTest.modTest'/Overworld
[12:49:03] [Server thread/INFO]: Saving chunks for level 'com.hotdawg.hotdawgTest.modTest'/Nether
[12:49:03] [Server thread/INFO]: Saving chunks for level 'com.hotdawg.hotdawgTest.modTest'/The End
[12:49:04] [Server thread/INFO]: Stopping server
[12:49:04] [Server thread/INFO]: Saving players
[12:49:04] [Server thread/INFO]: Saving worlds
[12:49:04] [Server thread/INFO]: Saving chunks for level 'com.hotdawg.hotdawgTest.modTest'/Overworld
[12:49:04] [Server thread/INFO]: Saving chunks for level 'com.hotdawg.hotdawgTest.modTest'/Nether
[12:49:04] [Server thread/INFO]: Saving chunks for level 'com.hotdawg.hotdawgTest.modTest'/The End
[12:49:07] [Client thread/INFO]: Stopping!
